Arguments: 
  /usr/local/bin/node /usr/local/bin/yarn

PATH: 
  /Users/h/local/Bento4-SDK-1-6-0-639.universal-apple-macosx/bin:/usr/local/Cellar/pkg-config/0.29.2_3/bin:/Applications/GPAC.app/Contents/MacOS:/Users/h/.jsvu:/Users/h/anaconda3/bin:/Users/h/local/lua-5.4.0/src:/Users/h/local/apache-maven-3.6.0/bin:/usr/local/bin:/usr/bin:/bin:/usr/sbin:/sbin:/Applications/GPAC.app/Contents/MacOS/:/Applications/VMware Fusion.app/Contents/Public:/Library/Apple/usr/bin:/Users/h/local/Bento4-SDK-1-6-0-639.universal-apple-macosx/bin:/usr/local/Cellar/pkg-config/0.29.2_3/bin:/Applications/GPAC.app/Contents/MacOS:/Users/h/.jsvu:/Users/h/anaconda3/bin:/Users/h/local/lua-5.4.0/src:/Users/h/local/apache-maven-3.6.0/bin

Yarn version: 
  1.22.10

Node version: 
  14.17.5

Platform: 
  darwin x64

Trace: 
  Error: https://github.com/tunnckocore/body-parsers: ESOCKETTIMEDOUT
      at ClientRequest.<anonymous> (/usr/local/lib/node_modules/yarn/lib/cli.js:141289:19)
      at Object.onceWrapper (events.js:519:28)
      at ClientRequest.emit (events.js:400:28)
      at TLSSocket.emitRequestTimeout (_http_client.js:790:9)
      at Object.onceWrapper (events.js:519:28)
      at TLSSocket.emit (events.js:412:35)
      at TLSSocket.Socket._onTimeout (net.js:484:8)
      at listOnTimeout (internal/timers.js:557:17)
      at processTimers (internal/timers.js:500:7)

npm manifest: 
  {
    "name": "server",
    "version": "1.0.0",
    "description": "",
    "main": "index.js",
    "scripts": {
      "dev": "nodemon --watch 'src/**/*' -e ts,tsx --exec ts-node ./src/server.ts",
      "start": "pm2 start src/server.ts"
    },
    "author": "",
    "license": "ISC",
    "dependencies": {
      "@types/koa": "^2.11.4",
      "@types/koa-router": "^7.4.1",
      "axios": "^0.21.1",
      "cheerio": "^1.0.0-rc.10",
      "dayjs": "^1.10.4",
      "exceljs": "^4.2.1",
      "koa": "^2.13.0",
      "koa-better-body": "^3.3.9",
      "koa-body": "^4.2.0",
      "koa-convert": "^2.0.0",
      "koa-mysql": "^1.0.3",
      "koa-router": "^9.4.0",
      "koa-send": "^5.0.1",
      "koa2-cors": "^2.0.6",
      "ts-node": "^9.0.0"
    },
    "devDependencies": {
      "@types/koa-send": "^4.1.2",
      "@types/shelljs": "^0.8.8",
      "chalk": "^4.1.0",
      "shelljs": "^0.8.5",
      "ssh2": "^0.8.9",
      "typescript": "^4.0.2"
    }
  }

yarn manifest: 
  No manifest

Lockfile: 
  No lockfile
